

 LOG file opened at 06/05/24 14:50:36

Total Number of Files=1

Data File: propietario_licencia_revocada.csv

Log File: propietario_licencia_revocada.log



 LOG file opened at 06/05/24 14:50:36

Bad File: propietario_licencia_revocada_bad.log

Field Definitions for table PROPIETARIO_LICENCIA_REVOCADA
  Record format DELIMITED BY NEWLINE
  Data in file has same endianness as the platform
  Rows with all null fields are accepted

  Fields in Data Source: 

    NOMBRE                          CHAR (255)
      Terminated by ","
      Trim whitespace from left and right
    AP_PATERNO                      CHAR (255)
      Terminated by ","
      Trim whitespace from left and right
    AP_MATERNO                      CHAR (255)
      Terminated by ","
      Trim whitespace from left and right
    RFC                             CHAR (255)
      Terminated by ","
      Trim whitespace from left and right
    CURP                            CHAR (255)
      Terminated by ","
      Trim whitespace from left and right
    CORREO                          CHAR (255)
      Terminated by ","
      Trim whitespace from left and right
error processing column CURP in row 4 for datafile /unam-bd/Proyecto-Final-BD/ext/propietario_licencia_revocada.csv
ORA-12899: value too large for column CURP (actual: 21, maximum: 18)


 LOG file opened at 06/05/24 14:50:41

Total Number of Files=1

Data File: propietario_licencia_revocada.csv

Log File: propietario_licencia_revocada.log



 LOG file opened at 06/05/24 14:50:41

Bad File: propietario_licencia_revocada_bad.log

Field Definitions for table PROPIETARIO_LICENCIA_REVOCADA
  Record format DELIMITED BY NEWLINE
  Data in file has same endianness as the platform
  Rows with all null fields are accepted

  Fields in Data Source: 

    NOMBRE                          CHAR (255)
      Terminated by ","
      Trim whitespace from left and right
    AP_PATERNO                      CHAR (255)
      Terminated by ","
      Trim whitespace from left and right
    AP_MATERNO                      CHAR (255)
      Terminated by ","
      Trim whitespace from left and right
    RFC                             CHAR (255)
      Terminated by ","
      Trim whitespace from left and right
    CURP                            CHAR (255)
      Terminated by ","
      Trim whitespace from left and right
    CORREO                          CHAR (255)
      Terminated by ","
      Trim whitespace from left and right
error processing column CURP in row 4 for datafile /unam-bd/Proyecto-Final-BD/ext/propietario_licencia_revocada.csv
ORA-12899: value too large for column CURP (actual: 21, maximum: 18)
error processing column CURP in row 8 for datafile /unam-bd/Proyecto-Final-BD/ext/propietario_licencia_revocada.csv
ORA-12899: value too large for column CURP (actual: 21, maximum: 18)


 LOG file opened at 06/05/24 14:52:41

Total Number of Files=1

Data File: propietario_licencia_revocada.csv

Log File: propietario_licencia_revocada.log



 LOG file opened at 06/05/24 14:52:41

Bad File: propietario_licencia_revocada_bad.log

Field Definitions for table PROPIETARIO_LICENCIA_REVOCADA
  Record format DELIMITED BY NEWLINE
  Data in file has same endianness as the platform
  Rows with all null fields are accepted

  Fields in Data Source: 

    NOMBRE                          CHAR (255)
      Terminated by ","
      Trim whitespace from left and right
    AP_PATERNO                      CHAR (255)
      Terminated by ","
      Trim whitespace from left and right
    AP_MATERNO                      CHAR (255)
      Terminated by ","
      Trim whitespace from left and right
    RFC                             CHAR (255)
      Terminated by ","
      Trim whitespace from left and right
    CURP                            CHAR (255)
      Terminated by ","
      Trim whitespace from left and right
    CORREO                          CHAR (255)
      Terminated by ","
      Trim whitespace from left and right
error processing column CURP in row 4 for datafile /unam-bd/Proyecto-Final-BD/ext/propietario_licencia_revocada.csv
ORA-12899: value too large for column CURP (actual: 21, maximum: 18)
error processing column CURP in row 8 for datafile /unam-bd/Proyecto-Final-BD/ext/propietario_licencia_revocada.csv
ORA-12899: value too large for column CURP (actual: 21, maximum: 18)
error processing column CURP in row 12 for datafile /unam-bd/Proyecto-Final-BD/ext/propietario_licencia_revocada.csv
ORA-12899: value too large for column CURP (actual: 21, maximum: 18)


 LOG file opened at 06/05/24 14:56:05

Total Number of Files=1

Data File: propietario_licencia_revocada.csv

Log File: propietario_licencia_revocada.log



 LOG file opened at 06/05/24 14:56:05

Bad File: propietario_licencia_revocada_bad.log

Field Definitions for table PROPIETARIO_LICENCIA_REVOCADA
  Record format DELIMITED BY NEWLINE
  Data in file has same endianness as the platform
  Rows with all null fields are accepted

  Fields in Data Source: 

    NOMBRE                          CHAR (255)
      Terminated by ","
      Trim whitespace from left and right
    AP_PATERNO                      CHAR (255)
      Terminated by ","
      Trim whitespace from left and right
    AP_MATERNO                      CHAR (255)
      Terminated by ","
      Trim whitespace from left and right
    RFC                             CHAR (255)
      Terminated by ","
      Trim whitespace from left and right
    CURP                            CHAR (255)
      Terminated by ","
      Trim whitespace from left and right
    CORREO                          CHAR (255)
      Terminated by ","
      Trim whitespace from left and right
error processing column CURP in row 4 for datafile /unam-bd/Proyecto-Final-BD/ext/propietario_licencia_revocada.csv
ORA-12899: value too large for column CURP (actual: 21, maximum: 18)
error processing column CURP in row 8 for datafile /unam-bd/Proyecto-Final-BD/ext/propietario_licencia_revocada.csv
ORA-12899: value too large for column CURP (actual: 21, maximum: 18)
error processing column CURP in row 12 for datafile /unam-bd/Proyecto-Final-BD/ext/propietario_licencia_revocada.csv
ORA-12899: value too large for column CURP (actual: 21, maximum: 18)


 LOG file opened at 06/05/24 14:56:39

Total Number of Files=1

Data File: propietario_licencia_revocada.csv

Log File: propietario_licencia_revocada.log



 LOG file opened at 06/05/24 14:56:39

Bad File: propietario_licencia_revocada_bad.log

Field Definitions for table PROPIETARIO_LICENCIA_REVOCADA
  Record format DELIMITED BY NEWLINE
  Data in file has same endianness as the platform
  Rows with all null fields are accepted

  Fields in Data Source: 

    NOMBRE                          CHAR (255)
      Terminated by ","
      Trim whitespace from left and right
    AP_PATERNO                      CHAR (255)
      Terminated by ","
      Trim whitespace from left and right
    AP_MATERNO                      CHAR (255)
      Terminated by ","
      Trim whitespace from left and right
    RFC                             CHAR (255)
      Terminated by ","
      Trim whitespace from left and right
    CURP                            CHAR (255)
      Terminated by ","
      Trim whitespace from left and right
    CORREO                          CHAR (255)
      Terminated by ","
      Trim whitespace from left and right
error processing column CURP in row 4 for datafile /unam-bd/Proyecto-Final-BD/ext/propietario_licencia_revocada.csv
ORA-12899: value too large for column CURP (actual: 21, maximum: 18)
error processing column CURP in row 8 for datafile /unam-bd/Proyecto-Final-BD/ext/propietario_licencia_revocada.csv
ORA-12899: value too large for column CURP (actual: 21, maximum: 18)
error processing column CURP in row 12 for datafile /unam-bd/Proyecto-Final-BD/ext/propietario_licencia_revocada.csv
ORA-12899: value too large for column CURP (actual: 21, maximum: 18)


 LOG file opened at 06/05/24 14:59:31

Total Number of Files=1

Data File: propietario_licencia_revocada.csv

Log File: propietario_licencia_revocada.log



 LOG file opened at 06/05/24 14:59:31

Bad File: propietario_licencia_revocada_bad.log

Field Definitions for table PROPIETARIO_LICENCIA_REVOCADA
  Record format DELIMITED BY NEWLINE
  Data in file has same endianness as the platform
  Rows with all null fields are accepted

  Fields in Data Source: 

    NOMBRE                          CHAR (255)
      Terminated by ","
      Trim whitespace from left and right
    AP_PATERNO                      CHAR (255)
      Terminated by ","
      Trim whitespace from left and right
    AP_MATERNO                      CHAR (255)
      Terminated by ","
      Trim whitespace from left and right
    RFC                             CHAR (255)
      Terminated by ","
      Trim whitespace from left and right
    CURP                            CHAR (255)
      Terminated by ","
      Trim whitespace from left and right
    CORREO                          CHAR (255)
      Terminated by ","
      Trim whitespace from left and right
error processing column CURP in row 4 for datafile /unam-bd/Proyecto-Final-BD/ext/propietario_licencia_revocada.csv
ORA-12899: value too large for column CURP (actual: 21, maximum: 18)
error processing column CURP in row 8 for datafile /unam-bd/Proyecto-Final-BD/ext/propietario_licencia_revocada.csv
ORA-12899: value too large for column CURP (actual: 21, maximum: 18)
error processing column CURP in row 12 for datafile /unam-bd/Proyecto-Final-BD/ext/propietario_licencia_revocada.csv
ORA-12899: value too large for column CURP (actual: 21, maximum: 18)


 LOG file opened at 06/05/24 14:59:42

Total Number of Files=1

Data File: propietario_licencia_revocada.csv

Log File: propietario_licencia_revocada.log



 LOG file opened at 06/05/24 14:59:42

Bad File: propietario_licencia_revocada_bad.log

Field Definitions for table PROPIETARIO_LICENCIA_REVOCADA
  Record format DELIMITED BY NEWLINE
  Data in file has same endianness as the platform
  Rows with all null fields are accepted

  Fields in Data Source: 

    NOMBRE                          CHAR (255)
      Terminated by ","
      Trim whitespace from left and right
    AP_PATERNO                      CHAR (255)
      Terminated by ","
      Trim whitespace from left and right
    AP_MATERNO                      CHAR (255)
      Terminated by ","
      Trim whitespace from left and right
    RFC                             CHAR (255)
      Terminated by ","
      Trim whitespace from left and right
    CURP                            CHAR (255)
      Terminated by ","
      Trim whitespace from left and right
    CORREO                          CHAR (255)
      Terminated by ","
      Trim whitespace from left and right


 LOG file opened at 06/05/24 15:00:34

Total Number of Files=1

Data File: propietario_licencia_revocada.csv

Log File: propietario_licencia_revocada.log



 LOG file opened at 06/05/24 15:00:34

Bad File: propietario_licencia_revocada_bad.log

Field Definitions for table PROPIETARIO_LICENCIA_REVOCADA
  Record format DELIMITED BY NEWLINE
  Data in file has same endianness as the platform
  Rows with all null fields are accepted

  Fields in Data Source: 

    NOMBRE                          CHAR (255)
      Terminated by ","
      Trim whitespace from left and right
    AP_PATERNO                      CHAR (255)
      Terminated by ","
      Trim whitespace from left and right
    AP_MATERNO                      CHAR (255)
      Terminated by ","
      Trim whitespace from left and right
    RFC                             CHAR (255)
      Terminated by ","
      Trim whitespace from left and right
    CURP                            CHAR (255)
      Terminated by ","
      Trim whitespace from left and right
    CORREO                          CHAR (255)
      Terminated by ","
      Trim whitespace from left and right


 LOG file opened at 06/05/24 15:00:51

Total Number of Files=1

Data File: propietario_licencia_revocada.csv

Log File: propietario_licencia_revocada.log



 LOG file opened at 06/05/24 15:00:51

Bad File: propietario_licencia_revocada_bad.log

Field Definitions for table PROPIETARIO_LICENCIA_REVOCADA
  Record format DELIMITED BY NEWLINE
  Data in file has same endianness as the platform
  Rows with all null fields are accepted

  Fields in Data Source: 

    NOMBRE                          CHAR (255)
      Terminated by ","
      Trim whitespace from left and right
    AP_PATERNO                      CHAR (255)
      Terminated by ","
      Trim whitespace from left and right
    AP_MATERNO                      CHAR (255)
      Terminated by ","
      Trim whitespace from left and right
    RFC                             CHAR (255)
      Terminated by ","
      Trim whitespace from left and right
    CURP                            CHAR (255)
      Terminated by ","
      Trim whitespace from left and right
    CORREO                          CHAR (255)
      Terminated by ","
      Trim whitespace from left and right


 LOG file opened at 06/05/24 19:17:18

Total Number of Files=1

Data File: propietario_licencia_revocada.csv

Log File: propietario_licencia_revocada.log



 LOG file opened at 06/05/24 19:17:18

Bad File: propietario_licencia_revocada_bad.log

Field Definitions for table PROPIETARIO_LICENCIA_REVOCADA
  Record format DELIMITED BY NEWLINE
  Data in file has same endianness as the platform
  Rows with all null fields are accepted

  Fields in Data Source: 

    NOMBRE                          CHAR (255)
      Terminated by ","
      Trim whitespace from left and right
    AP_PATERNO                      CHAR (255)
      Terminated by ","
      Trim whitespace from left and right
    AP_MATERNO                      CHAR (255)
      Terminated by ","
      Trim whitespace from left and right
    RFC                             CHAR (255)
      Terminated by ","
      Trim whitespace from left and right
    CURP                            CHAR (255)
      Terminated by ","
      Trim whitespace from left and right
    CORREO                          CHAR (255)
      Terminated by ","
      Trim whitespace from left and right


 LOG file opened at 06/06/24 20:41:07

Total Number of Files=1

Data File: propietario_licencia_revocada.csv

Log File: propietario_licencia_revocada.log



 LOG file opened at 06/06/24 20:41:07

Bad File: propietario_licencia_revocada_bad.log

Field Definitions for table PROPIETARIO_LICENCIA_REVOCADA
  Record format DELIMITED BY NEWLINE
  Data in file has same endianness as the platform
  Rows with all null fields are accepted

  Fields in Data Source: 

    NOMBRE                          CHAR (255)
      Terminated by ","
      Trim whitespace from left and right
    AP_PATERNO                      CHAR (255)
      Terminated by ","
      Trim whitespace from left and right
    AP_MATERNO                      CHAR (255)
      Terminated by ","
      Trim whitespace from left and right
    RFC                             CHAR (255)
      Terminated by ","
      Trim whitespace from left and right
    CURP                            CHAR (255)
      Terminated by ","
      Trim whitespace from left and right
    CORREO                          CHAR (255)
      Terminated by ","
      Trim whitespace from left and right


 LOG file opened at 06/06/24 20:42:21

Total Number of Files=1

Data File: propietario_licencia_revocada.csv

Log File: propietario_licencia_revocada.log



 LOG file opened at 06/06/24 20:42:21

Bad File: propietario_licencia_revocada_bad.log

Field Definitions for table PROPIETARIO_LICENCIA_REVOCADA
  Record format DELIMITED BY NEWLINE
  Data in file has same endianness as the platform
  Rows with all null fields are accepted

  Fields in Data Source: 

    NOMBRE                          CHAR (255)
      Terminated by ","
      Trim whitespace from left and right
    AP_PATERNO                      CHAR (255)
      Terminated by ","
      Trim whitespace from left and right
    AP_MATERNO                      CHAR (255)
      Terminated by ","
      Trim whitespace from left and right
    RFC                             CHAR (255)
      Terminated by ","
      Trim whitespace from left and right
    CURP                            CHAR (255)
      Terminated by ","
      Trim whitespace from left and right
    CORREO                          CHAR (255)
      Terminated by ","
      Trim whitespace from left and right


 LOG file opened at 06/06/24 20:43:54

Total Number of Files=1

Data File: propietario_licencia_revocada.csv

Log File: propietario_licencia_revocada.log



 LOG file opened at 06/06/24 20:43:54

Bad File: propietario_licencia_revocada_bad.log

Field Definitions for table PROPIETARIO_LICENCIA_REVOCADA
  Record format DELIMITED BY NEWLINE
  Data in file has same endianness as the platform
  Rows with all null fields are accepted

  Fields in Data Source: 

    NOMBRE                          CHAR (255)
      Terminated by ","
      Trim whitespace from left and right
    AP_PATERNO                      CHAR (255)
      Terminated by ","
      Trim whitespace from left and right
    AP_MATERNO                      CHAR (255)
      Terminated by ","
      Trim whitespace from left and right
    RFC                             CHAR (255)
      Terminated by ","
      Trim whitespace from left and right
    CURP                            CHAR (255)
      Terminated by ","
      Trim whitespace from left and right
    CORREO                          CHAR (255)
      Terminated by ","
      Trim whitespace from left and right


 LOG file opened at 06/06/24 20:45:03

Total Number of Files=1

Data File: propietario_licencia_revocada.csv

Log File: propietario_licencia_revocada.log



 LOG file opened at 06/06/24 20:45:03

Bad File: propietario_licencia_revocada_bad.log

Field Definitions for table PROPIETARIO_LICENCIA_REVOCADA
  Record format DELIMITED BY NEWLINE
  Data in file has same endianness as the platform
  Rows with all null fields are accepted

  Fields in Data Source: 

    NOMBRE                          CHAR (255)
      Terminated by ","
      Trim whitespace from left and right
    AP_PATERNO                      CHAR (255)
      Terminated by ","
      Trim whitespace from left and right
    AP_MATERNO                      CHAR (255)
      Terminated by ","
      Trim whitespace from left and right
    RFC                             CHAR (255)
      Terminated by ","
      Trim whitespace from left and right
    CURP                            CHAR (255)
      Terminated by ","
      Trim whitespace from left and right
    CORREO                          CHAR (255)
      Terminated by ","
      Trim whitespace from left and right


 LOG file opened at 06/06/24 20:45:32

Total Number of Files=1

Data File: propietario_licencia_revocada.csv

Log File: propietario_licencia_revocada.log



 LOG file opened at 06/06/24 20:45:32

Bad File: propietario_licencia_revocada_bad.log

Field Definitions for table PROPIETARIO_LICENCIA_REVOCADA
  Record format DELIMITED BY NEWLINE
  Data in file has same endianness as the platform
  Rows with all null fields are accepted

  Fields in Data Source: 

    NOMBRE                          CHAR (255)
      Terminated by ","
      Trim whitespace from left and right
    AP_PATERNO                      CHAR (255)
      Terminated by ","
      Trim whitespace from left and right
    AP_MATERNO                      CHAR (255)
      Terminated by ","
      Trim whitespace from left and right
    RFC                             CHAR (255)
      Terminated by ","
      Trim whitespace from left and right
    CURP                            CHAR (255)
      Terminated by ","
      Trim whitespace from left and right
    CORREO                          CHAR (255)
      Terminated by ","
      Trim whitespace from left and right


 LOG file opened at 06/07/24 11:49:55

Total Number of Files=1

Data File: propietario_licencia_revocada.csv

Log File: propietario_licencia_revocada.log



 LOG file opened at 06/07/24 11:49:55

Bad File: propietario_licencia_revocada_bad.log

Field Definitions for table PROPIETARIO_LICENCIA_REVOCADA
  Record format DELIMITED BY NEWLINE
  Data in file has same endianness as the platform
  Rows with all null fields are accepted

  Fields in Data Source: 

    NOMBRE                          CHAR (255)
      Terminated by ","
      Trim whitespace from left and right
    AP_PATERNO                      CHAR (255)
      Terminated by ","
      Trim whitespace from left and right
    AP_MATERNO                      CHAR (255)
      Terminated by ","
      Trim whitespace from left and right
    RFC                             CHAR (255)
      Terminated by ","
      Trim whitespace from left and right
    CURP                            CHAR (255)
      Terminated by ","
      Trim whitespace from left and right
    CORREO                          CHAR (255)
      Terminated by ","
      Trim whitespace from left and right
